  main.cpp
C:\Users\fgutierrez\Documents\VS Projects\DoodleJump3DCompGraf\OpenGL-basico\main.cpp(219,26): warning C4305: 'inicializando': truncamiento de 'double' a 'float'
C:\Users\fgutierrez\Documents\VS Projects\DoodleJump3DCompGraf\OpenGL-basico\main.cpp(227,23): warning C4305: 'inicializando': truncamiento de 'double' a 'float'
C:\Users\fgutierrez\Documents\VS Projects\DoodleJump3DCompGraf\OpenGL-basico\main.cpp(257,42): warning C4305: 'argumento': truncamiento de 'double' a 'float'
C:\Users\fgutierrez\Documents\VS Projects\DoodleJump3DCompGraf\OpenGL-basico\main.cpp(259,42): warning C4305: 'argumento': truncamiento de 'double' a 'float'
C:\Users\fgutierrez\Documents\VS Projects\DoodleJump3DCompGraf\OpenGL-basico\main.cpp(261,42): warning C4305: 'argumento': truncamiento de 'double' a 'float'
C:\Users\fgutierrez\Documents\VS Projects\DoodleJump3DCompGraf\OpenGL-basico\main.cpp(263,42): warning C4305: 'argumento': truncamiento de 'double' a 'float'
C:\Users\fgutierrez\Documents\VS Projects\DoodleJump3DCompGraf\OpenGL-basico\main.cpp(265,42): warning C4305: 'argumento': truncamiento de 'double' a 'float'
C:\Users\fgutierrez\Documents\VS Projects\DoodleJump3DCompGraf\OpenGL-basico\main.cpp(267,42): warning C4305: 'argumento': truncamiento de 'double' a 'float'
C:\Users\fgutierrez\Documents\VS Projects\DoodleJump3DCompGraf\OpenGL-basico\main.cpp(269,42): warning C4305: 'argumento': truncamiento de 'double' a 'float'
C:\Users\fgutierrez\Documents\VS Projects\DoodleJump3DCompGraf\OpenGL-basico\main.cpp(271,42): warning C4305: 'argumento': truncamiento de 'double' a 'float'
C:\Users\fgutierrez\Documents\VS Projects\DoodleJump3DCompGraf\OpenGL-basico\main.cpp(273,42): warning C4305: 'argumento': truncamiento de 'double' a 'float'
C:\Users\fgutierrez\Documents\VS Projects\DoodleJump3DCompGraf\OpenGL-basico\main.cpp(275,42): warning C4305: 'argumento': truncamiento de 'double' a 'float'
C:\Users\fgutierrez\Documents\VS Projects\DoodleJump3DCompGraf\OpenGL-basico\main.cpp(277,43): warning C4305: 'argumento': truncamiento de 'double' a 'float'
C:\Users\fgutierrez\Documents\VS Projects\DoodleJump3DCompGraf\OpenGL-basico\main.cpp(281,43): warning C4305: 'argumento': truncamiento de 'double' a 'float'
C:\Users\fgutierrez\Documents\VS Projects\DoodleJump3DCompGraf\OpenGL-basico\main.cpp(283,50): warning C4305: 'argumento': truncamiento de 'double' a 'float'
C:\Users\fgutierrez\Documents\VS Projects\DoodleJump3DCompGraf\OpenGL-basico\main.cpp(287,25): warning C4244: 'argumento': conversión de 'int' a 'float'; posible pérdida de datos
C:\Users\fgutierrez\Documents\VS Projects\DoodleJump3DCompGraf\OpenGL-basico\main.cpp(289,27): warning C4244: '=': conversión de 'double' a 'int'; posible pérdida de datos
C:\Users\fgutierrez\Documents\VS Projects\DoodleJump3DCompGraf\OpenGL-basico\main.cpp(290,27): warning C4244: '=': conversión de 'double' a 'int'; posible pérdida de datos
C:\Users\fgutierrez\Documents\VS Projects\DoodleJump3DCompGraf\OpenGL-basico\main.cpp(292,46): warning C4244: 'argumento': conversión de 'int' a 'float'; posible pérdida de datos
C:\Users\fgutierrez\Documents\VS Projects\DoodleJump3DCompGraf\OpenGL-basico\main.cpp(292,39): warning C4244: 'argumento': conversión de 'double' a 'float'; posible pérdida de datos
C:\Users\fgutierrez\Documents\VS Projects\DoodleJump3DCompGraf\OpenGL-basico\main.cpp(292,29): warning C4244: 'argumento': conversión de 'int' a 'float'; posible pérdida de datos
C:\Users\fgutierrez\Documents\VS Projects\DoodleJump3DCompGraf\OpenGL-basico\main.cpp(295,78): warning C4305: 'argumento': truncamiento de 'double' a 'float'
C:\Users\fgutierrez\Documents\VS Projects\DoodleJump3DCompGraf\OpenGL-basico\main.cpp(295,51): warning C4244: 'argumento': conversión de 'int' a 'float'; posible pérdida de datos
C:\Users\fgutierrez\Documents\VS Projects\DoodleJump3DCompGraf\OpenGL-basico\main.cpp(295,48): warning C4244: 'argumento': conversión de 'int' a 'float'; posible pérdida de datos
C:\Users\fgutierrez\Documents\VS Projects\DoodleJump3DCompGraf\OpenGL-basico\main.cpp(295,40): warning C4244: 'argumento': conversión de 'int' a 'float'; posible pérdida de datos
C:\Users\fgutierrez\Documents\VS Projects\DoodleJump3DCompGraf\OpenGL-basico\main.cpp(315,28): warning C4244: '=': conversión de 'double' a 'float'; posible pérdida de datos
C:\Users\fgutierrez\Documents\VS Projects\DoodleJump3DCompGraf\OpenGL-basico\main.cpp(320,15): warning C4244: 'inicializando': conversión de 'float' a 'int'; posible pérdida de datos
C:\Users\fgutierrez\Documents\VS Projects\DoodleJump3DCompGraf\OpenGL-basico\main.cpp(322,27): warning C4244: 'argumento': conversión de 'int' a 'float'; posible pérdida de datos
C:\Users\fgutierrez\Documents\VS Projects\DoodleJump3DCompGraf\OpenGL-basico\main.cpp(324,29): warning C4244: '=': conversión de 'double' a 'int'; posible pérdida de datos
C:\Users\fgutierrez\Documents\VS Projects\DoodleJump3DCompGraf\OpenGL-basico\main.cpp(325,29): warning C4244: '=': conversión de 'double' a 'int'; posible pérdida de datos
C:\Users\fgutierrez\Documents\VS Projects\DoodleJump3DCompGraf\OpenGL-basico\main.cpp(327,44): warning C4244: 'argumento': conversión de 'int' a 'float'; posible pérdida de datos
C:\Users\fgutierrez\Documents\VS Projects\DoodleJump3DCompGraf\OpenGL-basico\main.cpp(327,39): warning C4244: 'argumento': conversión de 'double' a 'float'; posible pérdida de datos
C:\Users\fgutierrez\Documents\VS Projects\DoodleJump3DCompGraf\OpenGL-basico\main.cpp(327,31): warning C4244: 'argumento': conversión de 'int' a 'float'; posible pérdida de datos
C:\Users\fgutierrez\Documents\VS Projects\DoodleJump3DCompGraf\OpenGL-basico\main.cpp(329,44): warning C4244: 'argumento': conversión de 'int' a 'float'; posible pérdida de datos
C:\Users\fgutierrez\Documents\VS Projects\DoodleJump3DCompGraf\OpenGL-basico\main.cpp(329,41): warning C4244: 'argumento': conversión de 'int' a 'float'; posible pérdida de datos
C:\Users\fgutierrez\Documents\VS Projects\DoodleJump3DCompGraf\OpenGL-basico\main.cpp(329,33): warning C4244: 'argumento': conversión de 'int' a 'float'; posible pérdida de datos
C:\Users\fgutierrez\Documents\VS Projects\DoodleJump3DCompGraf\OpenGL-basico\main.cpp(343,24): warning C4244: '=': conversión de 'float' a 'int'; posible pérdida de datos
C:\Users\fgutierrez\Documents\VS Projects\DoodleJump3DCompGraf\OpenGL-basico\main.cpp(371,27): warning C4244: 'argumento': conversión de 'int' a 'float'; posible pérdida de datos
C:\Users\fgutierrez\Documents\VS Projects\DoodleJump3DCompGraf\OpenGL-basico\main.cpp(373,29): warning C4244: '=': conversión de 'double' a 'int'; posible pérdida de datos
C:\Users\fgutierrez\Documents\VS Projects\DoodleJump3DCompGraf\OpenGL-basico\main.cpp(374,29): warning C4244: '=': conversión de 'double' a 'int'; posible pérdida de datos
C:\Users\fgutierrez\Documents\VS Projects\DoodleJump3DCompGraf\OpenGL-basico\main.cpp(376,48): warning C4244: 'argumento': conversión de 'int' a 'float'; posible pérdida de datos
C:\Users\fgutierrez\Documents\VS Projects\DoodleJump3DCompGraf\OpenGL-basico\main.cpp(376,41): warning C4244: 'argumento': conversión de 'double' a 'float'; posible pérdida de datos
C:\Users\fgutierrez\Documents\VS Projects\DoodleJump3DCompGraf\OpenGL-basico\main.cpp(376,31): warning C4244: 'argumento': conversión de 'int' a 'float'; posible pérdida de datos
C:\Users\fgutierrez\Documents\VS Projects\DoodleJump3DCompGraf\OpenGL-basico\main.cpp(378,42): warning C4244: 'argumento': conversión de 'int' a 'float'; posible pérdida de datos
C:\Users\fgutierrez\Documents\VS Projects\DoodleJump3DCompGraf\OpenGL-basico\main.cpp(378,40): warning C4244: 'argumento': conversión de 'int' a 'float'; posible pérdida de datos
C:\Users\fgutierrez\Documents\VS Projects\DoodleJump3DCompGraf\OpenGL-basico\main.cpp(378,33): warning C4244: 'argumento': conversión de 'int' a 'float'; posible pérdida de datos
C:\Users\fgutierrez\Documents\VS Projects\DoodleJump3DCompGraf\OpenGL-basico\main.cpp(428,52): warning C4244: '=': conversión de 'double' a 'float'; posible pérdida de datos
C:\Users\fgutierrez\Documents\VS Projects\DoodleJump3DCompGraf\OpenGL-basico\main.cpp(463,27): warning C4305: 'argumento': truncamiento de 'double' a 'GLfloat'
C:\Users\fgutierrez\Documents\VS Projects\DoodleJump3DCompGraf\OpenGL-basico\main.cpp(481,63): warning C4244: 'argumento': conversión de 'double' a 'float'; posible pérdida de datos
C:\Users\fgutierrez\Documents\VS Projects\DoodleJump3DCompGraf\OpenGL-basico\main.cpp(488,63): warning C4244: 'argumento': conversión de 'double' a 'float'; posible pérdida de datos
C:\Users\fgutierrez\Documents\VS Projects\DoodleJump3DCompGraf\OpenGL-basico\main.cpp(525,31): warning C4244: '=': conversión de 'double' a 'float'; posible pérdida de datos
C:\Users\fgutierrez\Documents\VS Projects\DoodleJump3DCompGraf\OpenGL-basico\main.cpp(530,41): warning C4244: '=': conversión de 'double' a 'float'; posible pérdida de datos
C:\Users\fgutierrez\Documents\VS Projects\DoodleJump3DCompGraf\OpenGL-basico\main.cpp(531,46): warning C4244: '=': conversión de 'double' a 'float'; posible pérdida de datos
C:\Users\fgutierrez\Documents\VS Projects\DoodleJump3DCompGraf\OpenGL-basico\main.cpp(540,16): warning C4244: '=': conversión de 'double' a 'float'; posible pérdida de datos
C:\Users\fgutierrez\Documents\VS Projects\DoodleJump3DCompGraf\OpenGL-basico\main.cpp(541,16): warning C4244: '=': conversión de 'double' a 'float'; posible pérdida de datos
C:\Users\fgutierrez\Documents\VS Projects\DoodleJump3DCompGraf\OpenGL-basico\main.cpp(550,16): warning C4244: '=': conversión de 'double' a 'float'; posible pérdida de datos
C:\Users\fgutierrez\Documents\VS Projects\DoodleJump3DCompGraf\OpenGL-basico\main.cpp(551,16): warning C4244: '=': conversión de 'double' a 'float'; posible pérdida de datos
C:\Users\fgutierrez\Documents\VS Projects\DoodleJump3DCompGraf\OpenGL-basico\main.cpp(560,16): warning C4244: '=': conversión de 'double' a 'float'; posible pérdida de datos
C:\Users\fgutierrez\Documents\VS Projects\DoodleJump3DCompGraf\OpenGL-basico\main.cpp(561,16): warning C4244: '=': conversión de 'double' a 'float'; posible pérdida de datos
C:\Users\fgutierrez\Documents\VS Projects\DoodleJump3DCompGraf\OpenGL-basico\main.cpp(570,16): warning C4244: '=': conversión de 'double' a 'float'; posible pérdida de datos
C:\Users\fgutierrez\Documents\VS Projects\DoodleJump3DCompGraf\OpenGL-basico\main.cpp(571,16): warning C4244: '=': conversión de 'double' a 'float'; posible pérdida de datos
C:\Users\fgutierrez\Documents\VS Projects\DoodleJump3DCompGraf\OpenGL-basico\main.cpp(206,14): warning C4101: 'auxY': variable local sin referencia
  OpenGL-basico.vcxproj -> C:\Users\fgutierrez\Documents\VS Projects\DoodleJump3DCompGraf\Debug\OpenGL-basico.exe
