c:\users\feder\onedrive\documents\vsprojects\doodlejump3d\doodlejump3dcompgraf\opengl-basico\release\vc142.pdb
c:\users\feder\onedrive\documents\vsprojects\doodlejump3d\doodlejump3dcompgraf\opengl-basico\release\vector3.obj
c:\users\feder\onedrive\documents\vsprojects\doodlejump3d\doodlejump3dcompgraf\opengl-basico\release\timer.obj
c:\users\feder\onedrive\documents\vsprojects\doodlejump3d\doodlejump3dcompgraf\opengl-basico\release\powers.obj
c:\users\feder\onedrive\documents\vsprojects\doodlejump3d\doodlejump3dcompgraf\opengl-basico\release\plataforma.obj
c:\users\feder\onedrive\documents\vsprojects\doodlejump3d\doodlejump3dcompgraf\opengl-basico\release\particleemitter.obj
c:\users\feder\onedrive\documents\vsprojects\doodlejump3d\doodlejump3dcompgraf\opengl-basico\release\particle.obj
c:\users\feder\onedrive\documents\vsprojects\doodlejump3d\doodlejump3dcompgraf\opengl-basico\release\mesh.obj
c:\users\feder\onedrive\documents\vsprojects\doodlejump3d\doodlejump3dcompgraf\opengl-basico\release\main.obj
c:\users\feder\onedrive\documents\vsprojects\doodlejump3d\doodlejump3dcompgraf\opengl-basico\release\jugador.obj
c:\users\feder\onedrive\documents\vsprojects\doodlejump3d\doodlejump3dcompgraf\opengl-basico\release\hud.obj
c:\users\feder\onedrive\documents\vsprojects\doodlejump3d\doodlejump3dcompgraf\opengl-basico\release\font.obj
c:\users\feder\onedrive\documents\vsprojects\doodlejump3d\doodlejump3dcompgraf\opengl-basico\release\bullet.obj
c:\users\feder\onedrive\documents\vsprojects\doodlejump3d\doodlejump3dcompgraf\release\opengl-basico.exe
c:\users\feder\onedrive\documents\vsprojects\doodlejump3d\doodlejump3dcompgraf\opengl-basico\release\opengl-basico.ipdb
c:\users\feder\onedrive\documents\vsprojects\doodlejump3d\doodlejump3dcompgraf\opengl-basico\release\opengl-basico.iobj
c:\users\feder\onedrive\documents\vsprojects\doodlejump3d\doodlejump3dcompgraf\release\opengl-basico.pdb
c:\users\feder\onedrive\documents\vsprojects\doodlejump3d\doodlejump3dcompgraf\opengl-basico\release\opengl-basico.tlog\cl.command.1.tlog
c:\users\feder\onedrive\documents\vsprojects\doodlejump3d\doodlejump3dcompgraf\opengl-basico\release\opengl-basico.tlog\cl.read.1.tlog
c:\users\feder\onedrive\documents\vsprojects\doodlejump3d\doodlejump3dcompgraf\opengl-basico\release\opengl-basico.tlog\cl.write.1.tlog
c:\users\feder\onedrive\documents\vsprojects\doodlejump3d\doodlejump3dcompgraf\opengl-basico\release\opengl-basico.tlog\link.command.1.tlog
c:\users\feder\onedrive\documents\vsprojects\doodlejump3d\doodlejump3dcompgraf\opengl-basico\release\opengl-basico.tlog\link.read.1.tlog
c:\users\feder\onedrive\documents\vsprojects\doodlejump3d\doodlejump3dcompgraf\opengl-basico\release\opengl-basico.tlog\link.write.1.tlog
