  main.cpp
C:\Users\feder\OneDrive\Documents\VSProjects\DoodleJump3D\DoodleJump3DCompGraf\OpenGL-basico\main.cpp(541,34): warning C4305: 'argument': truncation from 'double' to 'float'
C:\Users\feder\OneDrive\Documents\VSProjects\DoodleJump3D\DoodleJump3DCompGraf\OpenGL-basico\main.cpp(542,32): warning C4305: 'argument': truncation from 'double' to 'float'
C:\Users\feder\OneDrive\Documents\VSProjects\DoodleJump3D\DoodleJump3DCompGraf\OpenGL-basico\main.cpp(543,32): warning C4305: 'argument': truncation from 'double' to 'float'
C:\Users\feder\OneDrive\Documents\VSProjects\DoodleJump3D\DoodleJump3DCompGraf\OpenGL-basico\main.cpp(544,32): warning C4305: 'argument': truncation from 'double' to 'float'
C:\Users\feder\OneDrive\Documents\VSProjects\DoodleJump3D\DoodleJump3DCompGraf\OpenGL-basico\main.cpp(554,26): warning C4305: 'initializing': truncation from 'double' to 'float'
C:\Users\feder\OneDrive\Documents\VSProjects\DoodleJump3D\DoodleJump3DCompGraf\OpenGL-basico\main.cpp(562,21): warning C4305: 'initializing': truncation from 'double' to 'float'
C:\Users\feder\OneDrive\Documents\VSProjects\DoodleJump3D\DoodleJump3DCompGraf\OpenGL-basico\main.cpp(568,28): warning C4305: 'initializing': truncation from 'double' to 'float'
C:\Users\feder\OneDrive\Documents\VSProjects\DoodleJump3D\DoodleJump3DCompGraf\OpenGL-basico\main.cpp(612,42): warning C4305: 'argument': truncation from 'double' to 'float'
C:\Users\feder\OneDrive\Documents\VSProjects\DoodleJump3D\DoodleJump3DCompGraf\OpenGL-basico\main.cpp(614,42): warning C4305: 'argument': truncation from 'double' to 'float'
C:\Users\feder\OneDrive\Documents\VSProjects\DoodleJump3D\DoodleJump3DCompGraf\OpenGL-basico\main.cpp(616,42): warning C4305: 'argument': truncation from 'double' to 'float'
C:\Users\feder\OneDrive\Documents\VSProjects\DoodleJump3D\DoodleJump3DCompGraf\OpenGL-basico\main.cpp(618,42): warning C4305: 'argument': truncation from 'double' to 'float'
C:\Users\feder\OneDrive\Documents\VSProjects\DoodleJump3D\DoodleJump3DCompGraf\OpenGL-basico\main.cpp(620,42): warning C4305: 'argument': truncation from 'double' to 'float'
C:\Users\feder\OneDrive\Documents\VSProjects\DoodleJump3D\DoodleJump3DCompGraf\OpenGL-basico\main.cpp(622,42): warning C4305: 'argument': truncation from 'double' to 'float'
C:\Users\feder\OneDrive\Documents\VSProjects\DoodleJump3D\DoodleJump3DCompGraf\OpenGL-basico\main.cpp(624,42): warning C4305: 'argument': truncation from 'double' to 'float'
C:\Users\feder\OneDrive\Documents\VSProjects\DoodleJump3D\DoodleJump3DCompGraf\OpenGL-basico\main.cpp(626,42): warning C4305: 'argument': truncation from 'double' to 'float'
C:\Users\feder\OneDrive\Documents\VSProjects\DoodleJump3D\DoodleJump3DCompGraf\OpenGL-basico\main.cpp(628,42): warning C4305: 'argument': truncation from 'double' to 'float'
C:\Users\feder\OneDrive\Documents\VSProjects\DoodleJump3D\DoodleJump3DCompGraf\OpenGL-basico\main.cpp(630,42): warning C4305: 'argument': truncation from 'double' to 'float'
C:\Users\feder\OneDrive\Documents\VSProjects\DoodleJump3D\DoodleJump3DCompGraf\OpenGL-basico\main.cpp(632,43): warning C4305: 'argument': truncation from 'double' to 'float'
C:\Users\feder\OneDrive\Documents\VSProjects\DoodleJump3D\DoodleJump3DCompGraf\OpenGL-basico\main.cpp(666,43): warning C4305: 'argument': truncation from 'double' to 'float'
C:\Users\feder\OneDrive\Documents\VSProjects\DoodleJump3D\DoodleJump3DCompGraf\OpenGL-basico\main.cpp(668,50): warning C4305: 'argument': truncation from 'double' to 'float'
C:\Users\feder\OneDrive\Documents\VSProjects\DoodleJump3D\DoodleJump3DCompGraf\OpenGL-basico\main.cpp(674,25): warning C4244: 'argument': conversion from 'int' to 'float', possible loss of data
C:\Users\feder\OneDrive\Documents\VSProjects\DoodleJump3D\DoodleJump3DCompGraf\OpenGL-basico\main.cpp(677,27): warning C4244: '=': conversion from 'double' to 'int', possible loss of data
C:\Users\feder\OneDrive\Documents\VSProjects\DoodleJump3D\DoodleJump3DCompGraf\OpenGL-basico\main.cpp(678,27): warning C4244: '=': conversion from 'double' to 'int', possible loss of data
C:\Users\feder\OneDrive\Documents\VSProjects\DoodleJump3D\DoodleJump3DCompGraf\OpenGL-basico\main.cpp(680,46): warning C4244: 'argument': conversion from 'int' to 'float', possible loss of data
C:\Users\feder\OneDrive\Documents\VSProjects\DoodleJump3D\DoodleJump3DCompGraf\OpenGL-basico\main.cpp(680,39): warning C4244: 'argument': conversion from 'double' to 'float', possible loss of data
C:\Users\feder\OneDrive\Documents\VSProjects\DoodleJump3D\DoodleJump3DCompGraf\OpenGL-basico\main.cpp(680,29): warning C4244: 'argument': conversion from 'int' to 'float', possible loss of data
C:\Users\feder\OneDrive\Documents\VSProjects\DoodleJump3D\DoodleJump3DCompGraf\OpenGL-basico\main.cpp(683,78): warning C4305: 'argument': truncation from 'double' to 'float'
C:\Users\feder\OneDrive\Documents\VSProjects\DoodleJump3D\DoodleJump3DCompGraf\OpenGL-basico\main.cpp(683,51): warning C4244: 'argument': conversion from 'int' to 'float', possible loss of data
C:\Users\feder\OneDrive\Documents\VSProjects\DoodleJump3D\DoodleJump3DCompGraf\OpenGL-basico\main.cpp(683,48): warning C4244: 'argument': conversion from 'int' to 'float', possible loss of data
C:\Users\feder\OneDrive\Documents\VSProjects\DoodleJump3D\DoodleJump3DCompGraf\OpenGL-basico\main.cpp(683,40): warning C4244: 'argument': conversion from 'int' to 'float', possible loss of data
C:\Users\feder\OneDrive\Documents\VSProjects\DoodleJump3D\DoodleJump3DCompGraf\OpenGL-basico\main.cpp(717,45): warning C4244: '=': conversion from 'double' to 'float', possible loss of data
C:\Users\feder\OneDrive\Documents\VSProjects\DoodleJump3D\DoodleJump3DCompGraf\OpenGL-basico\main.cpp(723,15): warning C4244: 'initializing': conversion from 'float' to 'int', possible loss of data
C:\Users\feder\OneDrive\Documents\VSProjects\DoodleJump3D\DoodleJump3DCompGraf\OpenGL-basico\main.cpp(725,27): warning C4244: 'argument': conversion from 'int' to 'float', possible loss of data
C:\Users\feder\OneDrive\Documents\VSProjects\DoodleJump3D\DoodleJump3DCompGraf\OpenGL-basico\main.cpp(728,29): warning C4244: '=': conversion from 'double' to 'int', possible loss of data
C:\Users\feder\OneDrive\Documents\VSProjects\DoodleJump3D\DoodleJump3DCompGraf\OpenGL-basico\main.cpp(729,29): warning C4244: '=': conversion from 'double' to 'int', possible loss of data
C:\Users\feder\OneDrive\Documents\VSProjects\DoodleJump3D\DoodleJump3DCompGraf\OpenGL-basico\main.cpp(731,48): warning C4244: 'argument': conversion from 'int' to 'float', possible loss of data
C:\Users\feder\OneDrive\Documents\VSProjects\DoodleJump3D\DoodleJump3DCompGraf\OpenGL-basico\main.cpp(731,41): warning C4244: 'argument': conversion from 'double' to 'float', possible loss of data
C:\Users\feder\OneDrive\Documents\VSProjects\DoodleJump3D\DoodleJump3DCompGraf\OpenGL-basico\main.cpp(731,31): warning C4244: 'argument': conversion from 'int' to 'float', possible loss of data
C:\Users\feder\OneDrive\Documents\VSProjects\DoodleJump3D\DoodleJump3DCompGraf\OpenGL-basico\main.cpp(734,36): warning C4244: 'argument': conversion from 'int' to 'float', possible loss of data
C:\Users\feder\OneDrive\Documents\VSProjects\DoodleJump3D\DoodleJump3DCompGraf\OpenGL-basico\main.cpp(734,29): warning C4244: 'argument': conversion from 'double' to 'float', possible loss of data
C:\Users\feder\OneDrive\Documents\VSProjects\DoodleJump3D\DoodleJump3DCompGraf\OpenGL-basico\main.cpp(734,19): warning C4244: 'argument': conversion from 'int' to 'float', possible loss of data
C:\Users\feder\OneDrive\Documents\VSProjects\DoodleJump3D\DoodleJump3DCompGraf\OpenGL-basico\main.cpp(737,38): warning C4244: 'argument': conversion from 'int' to 'float', possible loss of data
C:\Users\feder\OneDrive\Documents\VSProjects\DoodleJump3D\DoodleJump3DCompGraf\OpenGL-basico\main.cpp(737,31): warning C4244: 'argument': conversion from 'double' to 'float', possible loss of data
C:\Users\feder\OneDrive\Documents\VSProjects\DoodleJump3D\DoodleJump3DCompGraf\OpenGL-basico\main.cpp(737,21): warning C4244: 'argument': conversion from 'int' to 'float', possible loss of data
C:\Users\feder\OneDrive\Documents\VSProjects\DoodleJump3D\DoodleJump3DCompGraf\OpenGL-basico\main.cpp(739,44): warning C4244: 'argument': conversion from 'int' to 'float', possible loss of data
C:\Users\feder\OneDrive\Documents\VSProjects\DoodleJump3D\DoodleJump3DCompGraf\OpenGL-basico\main.cpp(739,41): warning C4244: 'argument': conversion from 'int' to 'float', possible loss of data
C:\Users\feder\OneDrive\Documents\VSProjects\DoodleJump3D\DoodleJump3DCompGraf\OpenGL-basico\main.cpp(739,33): warning C4244: 'argument': conversion from 'int' to 'float', possible loss of data
C:\Users\feder\OneDrive\Documents\VSProjects\DoodleJump3D\DoodleJump3DCompGraf\OpenGL-basico\main.cpp(772,24): warning C4244: '=': conversion from 'float' to 'int', possible loss of data
C:\Users\feder\OneDrive\Documents\VSProjects\DoodleJump3D\DoodleJump3DCompGraf\OpenGL-basico\main.cpp(800,27): warning C4244: 'argument': conversion from 'int' to 'float', possible loss of data
C:\Users\feder\OneDrive\Documents\VSProjects\DoodleJump3D\DoodleJump3DCompGraf\OpenGL-basico\main.cpp(803,29): warning C4244: '=': conversion from 'double' to 'int', possible loss of data
C:\Users\feder\OneDrive\Documents\VSProjects\DoodleJump3D\DoodleJump3DCompGraf\OpenGL-basico\main.cpp(804,29): warning C4244: '=': conversion from 'double' to 'int', possible loss of data
C:\Users\feder\OneDrive\Documents\VSProjects\DoodleJump3D\DoodleJump3DCompGraf\OpenGL-basico\main.cpp(806,48): warning C4244: 'argument': conversion from 'int' to 'float', possible loss of data
C:\Users\feder\OneDrive\Documents\VSProjects\DoodleJump3D\DoodleJump3DCompGraf\OpenGL-basico\main.cpp(806,41): warning C4244: 'argument': conversion from 'double' to 'float', possible loss of data
C:\Users\feder\OneDrive\Documents\VSProjects\DoodleJump3D\DoodleJump3DCompGraf\OpenGL-basico\main.cpp(806,31): warning C4244: 'argument': conversion from 'int' to 'float', possible loss of data
C:\Users\feder\OneDrive\Documents\VSProjects\DoodleJump3D\DoodleJump3DCompGraf\OpenGL-basico\main.cpp(808,42): warning C4244: 'argument': conversion from 'int' to 'float', possible loss of data
C:\Users\feder\OneDrive\Documents\VSProjects\DoodleJump3D\DoodleJump3DCompGraf\OpenGL-basico\main.cpp(808,40): warning C4244: 'argument': conversion from 'int' to 'float', possible loss of data
C:\Users\feder\OneDrive\Documents\VSProjects\DoodleJump3D\DoodleJump3DCompGraf\OpenGL-basico\main.cpp(808,33): warning C4244: 'argument': conversion from 'int' to 'float', possible loss of data
C:\Users\feder\OneDrive\Documents\VSProjects\DoodleJump3D\DoodleJump3DCompGraf\OpenGL-basico\main.cpp(861,52): warning C4244: '=': conversion from 'double' to 'float', possible loss of data
C:\Users\feder\OneDrive\Documents\VSProjects\DoodleJump3D\DoodleJump3DCompGraf\OpenGL-basico\main.cpp(887,53): warning C4244: '+=': conversion from 'const double' to 'float', possible loss of data
C:\Users\feder\OneDrive\Documents\VSProjects\DoodleJump3D\DoodleJump3DCompGraf\OpenGL-basico\main.cpp(888,18): warning C4305: '=': truncation from 'double' to 'float'
C:\Users\feder\OneDrive\Documents\VSProjects\DoodleJump3D\DoodleJump3DCompGraf\OpenGL-basico\main.cpp(901,68): warning C4244: '+=': conversion from 'const double' to 'float', possible loss of data
C:\Users\feder\OneDrive\Documents\VSProjects\DoodleJump3D\DoodleJump3DCompGraf\OpenGL-basico\main.cpp(917,51): warning C4244: '+=': conversion from 'const double' to 'float', possible loss of data
C:\Users\feder\OneDrive\Documents\VSProjects\DoodleJump3D\DoodleJump3DCompGraf\OpenGL-basico\main.cpp(935,135): warning C4244: '=': conversion from 'double' to 'float', possible loss of data
C:\Users\feder\OneDrive\Documents\VSProjects\DoodleJump3D\DoodleJump3DCompGraf\OpenGL-basico\main.cpp(936,31): warning C4244: '=': conversion from 'double' to 'float', possible loss of data
C:\Users\feder\OneDrive\Documents\VSProjects\DoodleJump3D\DoodleJump3DCompGraf\OpenGL-basico\main.cpp(940,31): warning C4305: 'argument': truncation from 'double' to 'GLfloat'
C:\Users\feder\OneDrive\Documents\VSProjects\DoodleJump3D\DoodleJump3DCompGraf\OpenGL-basico\main.cpp(959,27): warning C4305: 'argument': truncation from 'double' to 'GLfloat'
C:\Users\feder\OneDrive\Documents\VSProjects\DoodleJump3D\DoodleJump3DCompGraf\OpenGL-basico\main.cpp(979,63): warning C4244: 'argument': conversion from 'double' to 'float', possible loss of data
C:\Users\feder\OneDrive\Documents\VSProjects\DoodleJump3D\DoodleJump3DCompGraf\OpenGL-basico\main.cpp(986,63): warning C4244: 'argument': conversion from 'double' to 'float', possible loss of data
C:\Users\feder\OneDrive\Documents\VSProjects\DoodleJump3D\DoodleJump3DCompGraf\OpenGL-basico\main.cpp(1114,31): warning C4244: '=': conversion from 'double' to 'float', possible loss of data
C:\Users\feder\OneDrive\Documents\VSProjects\DoodleJump3D\DoodleJump3DCompGraf\OpenGL-basico\main.cpp(1118,54): warning C4244: '=': conversion from 'double' to 'float', possible loss of data
C:\Users\feder\OneDrive\Documents\VSProjects\DoodleJump3D\DoodleJump3DCompGraf\OpenGL-basico\main.cpp(1119,41): warning C4244: '=': conversion from 'double' to 'float', possible loss of data
C:\Users\feder\OneDrive\Documents\VSProjects\DoodleJump3D\DoodleJump3DCompGraf\OpenGL-basico\main.cpp(1120,46): warning C4244: '=': conversion from 'double' to 'float', possible loss of data
C:\Users\feder\OneDrive\Documents\VSProjects\DoodleJump3D\DoodleJump3DCompGraf\OpenGL-basico\main.cpp(1129,16): warning C4244: '=': conversion from 'double' to 'float', possible loss of data
C:\Users\feder\OneDrive\Documents\VSProjects\DoodleJump3D\DoodleJump3DCompGraf\OpenGL-basico\main.cpp(1130,16): warning C4244: '=': conversion from 'double' to 'float', possible loss of data
C:\Users\feder\OneDrive\Documents\VSProjects\DoodleJump3D\DoodleJump3DCompGraf\OpenGL-basico\main.cpp(1139,16): warning C4244: '=': conversion from 'double' to 'float', possible loss of data
C:\Users\feder\OneDrive\Documents\VSProjects\DoodleJump3D\DoodleJump3DCompGraf\OpenGL-basico\main.cpp(1140,16): warning C4244: '=': conversion from 'double' to 'float', possible loss of data
C:\Users\feder\OneDrive\Documents\VSProjects\DoodleJump3D\DoodleJump3DCompGraf\OpenGL-basico\main.cpp(1149,16): warning C4244: '=': conversion from 'double' to 'float', possible loss of data
C:\Users\feder\OneDrive\Documents\VSProjects\DoodleJump3D\DoodleJump3DCompGraf\OpenGL-basico\main.cpp(1150,16): warning C4244: '=': conversion from 'double' to 'float', possible loss of data
C:\Users\feder\OneDrive\Documents\VSProjects\DoodleJump3D\DoodleJump3DCompGraf\OpenGL-basico\main.cpp(1159,16): warning C4244: '=': conversion from 'double' to 'float', possible loss of data
C:\Users\feder\OneDrive\Documents\VSProjects\DoodleJump3D\DoodleJump3DCompGraf\OpenGL-basico\main.cpp(1160,16): warning C4244: '=': conversion from 'double' to 'float', possible loss of data
C:\Users\feder\OneDrive\Documents\VSProjects\DoodleJump3D\DoodleJump3DCompGraf\OpenGL-basico\main.cpp(528,14): warning C4101: 'auxY': unreferenced local variable
  Generating code
  2 of 241 functions ( 0.8%) were compiled, the rest were copied from previous compilation.
    0 functions were new in current compilation
    0 functions had inline decision re-evaluated but remain unchanged
  Finished generating code
  OpenGL-basico.vcxproj -> C:\Users\feder\OneDrive\Documents\VSProjects\DoodleJump3D\DoodleJump3DCompGraf\Release\OpenGL-basico.exe
  0 archivo(s) copiado(s)
  0 archivo(s) copiado(s)
  0 archivo(s) copiado(s)
  0 archivo(s) copiado(s)
  0 archivo(s) copiado(s)
  C:\Users\feder\OneDrive\Documents\VSProjects\DoodleJump3D\DoodleJump3DCompGraf\OpenGL-basico\/textures\0.25.png
  C:\Users\feder\OneDrive\Documents\VSProjects\DoodleJump3D\DoodleJump3DCompGraf\OpenGL-basico\/textures\0.5.png
  C:\Users\feder\OneDrive\Documents\VSProjects\DoodleJump3D\DoodleJump3DCompGraf\OpenGL-basico\/textures\1.png
  C:\Users\feder\OneDrive\Documents\VSProjects\DoodleJump3D\DoodleJump3DCompGraf\OpenGL-basico\/textures\2.png
  C:\Users\feder\OneDrive\Documents\VSProjects\DoodleJump3D\DoodleJump3DCompGraf\OpenGL-basico\/textures\buttoncolb.png
  C:\Users\feder\OneDrive\Documents\VSProjects\DoodleJump3D\DoodleJump3DCompGraf\OpenGL-basico\/textures\buttoncolg.png
  C:\Users\feder\OneDrive\Documents\VSProjects\DoodleJump3D\DoodleJump3DCompGraf\OpenGL-basico\/textures\buttoncolr.png
  C:\Users\feder\OneDrive\Documents\VSProjects\DoodleJump3D\DoodleJump3DCompGraf\OpenGL-basico\/textures\buttoncolv.png
  C:\Users\feder\OneDrive\Documents\VSProjects\DoodleJump3D\DoodleJump3DCompGraf\OpenGL-basico\/textures\buttoncoly.png
  C:\Users\feder\OneDrive\Documents\VSProjects\DoodleJump3D\DoodleJump3DCompGraf\OpenGL-basico\/textures\buttondir.png
  C:\Users\feder\OneDrive\Documents\VSProjects\DoodleJump3D\DoodleJump3DCompGraf\OpenGL-basico\/textures\buttonfac.png
  C:\Users\feder\OneDrive\Documents\VSProjects\DoodleJump3D\DoodleJump3DCompGraf\OpenGL-basico\/textures\buttonint.png
  C:\Users\feder\OneDrive\Documents\VSProjects\DoodleJump3D\DoodleJump3DCompGraf\OpenGL-basico\/textures\buttontex.png
  C:\Users\feder\OneDrive\Documents\VSProjects\DoodleJump3D\DoodleJump3DCompGraf\OpenGL-basico\/textures\buttonvel.png
  C:\Users\feder\OneDrive\Documents\VSProjects\DoodleJump3D\DoodleJump3DCompGraf\OpenGL-basico\/textures\buttonwire.png
  C:\Users\feder\OneDrive\Documents\VSProjects\DoodleJump3D\DoodleJump3DCompGraf\OpenGL-basico\/textures\off.png
  C:\Users\feder\OneDrive\Documents\VSProjects\DoodleJump3D\DoodleJump3DCompGraf\OpenGL-basico\/textures\on.png
  17 archivo(s) copiado(s)
  0 archivo(s) copiado(s)
